2024-12-23T13:22:45.275+03:30  INFO 23307 --- [newsWebsite] [main] o.e.newsWebsite.NewsWebSiteApplication   : Starting NewsWebSiteApplication using Java 21.0.5 with PID 23307 (/home/alireza/Projects/NewsSite/NewsSite_Backend/target/classes started by alireza in /home/alireza/Projects/NewsSite/NewsSite_Backend)
2024-12-23T13:22:45.277+03:30  INFO 23307 --- [newsWebsite] [main] o.e.newsWebsite.NewsWebSiteApplication   : No active profile set, falling back to 1 default profile: "default"
2024-12-23T13:22:45.624+03:30  INFO 23307 --- [newsWebsite] [main] .s.d.r.c.RepositoryConfigurationDelegate : Multiple Spring Data modules found, entering strict repository configuration mode
2024-12-23T13:22:45.624+03:30  INFO 23307 --- [newsWebsite] [main] .s.d.r.c.RepositoryConfigurationDelegate : Bootstrapping Spring Data JDBC repositories in DEFAULT mode.
2024-12-23T13:22:45.640+03:30  INFO 23307 --- [newsWebsite] [main] .RepositoryConfigurationExtensionSupport : Spring Data JDBC - Could not safely identify store assignment for repository candidate interface org.example.newsWebsite.repository.NewsRepository; If you want this repository to be a JDBC repository, consider annotating your entities with one of these annotations: org.springframework.data.relational.core.mapping.Table.
2024-12-23T13:22:45.641+03:30  INFO 23307 --- [newsWebsite] [main] .RepositoryConfigurationExtensionSupport : Spring Data JDBC - Could not safely identify store assignment for repository candidate interface org.example.newsWebsite.repository.UserRepository; If you want this repository to be a JDBC repository, consider annotating your entities with one of these annotations: org.springframework.data.relational.core.mapping.Table.
2024-12-23T13:22:45.641+03:30  INFO 23307 --- [newsWebsite] [main] .RepositoryConfigurationExtensionSupport : Spring Data JDBC - Could not safely identify store assignment for repository candidate interface org.example.newsWebsite.repository.ViewRepository; If you want this repository to be a JDBC repository, consider annotating your entities with one of these annotations: org.springframework.data.relational.core.mapping.Table.
2024-12-23T13:22:45.641+03:30  INFO 23307 --- [newsWebsite] [main] .s.d.r.c.RepositoryConfigurationDelegate : Finished Spring Data repository scanning in 14 ms. Found 0 JDBC repository interfaces.
2024-12-23T13:22:45.647+03:30  INFO 23307 --- [newsWebsite] [main] .s.d.r.c.RepositoryConfigurationDelegate : Multiple Spring Data modules found, entering strict repository configuration mode
2024-12-23T13:22:45.647+03:30  INFO 23307 --- [newsWebsite] [main] .s.d.r.c.RepositoryConfigurationDelegate : Bootstrapping Spring Data JPA repositories in DEFAULT mode.
2024-12-23T13:22:45.662+03:30  INFO 23307 --- [newsWebsite] [main] .s.d.r.c.RepositoryConfigurationDelegate : Finished Spring Data repository scanning in 12 ms. Found 3 JPA repository interfaces.
2024-12-23T13:22:45.860+03:30  INFO 23307 --- [newsWebsite] [main] o.s.b.w.embedded.tomcat.TomcatWebServer  : Tomcat initialized with port 8080 (http)
2024-12-23T13:22:45.874+03:30  INFO 23307 --- [newsWebsite] [main] o.apache.catalina.core.StandardService   : Starting service [Tomcat]
2024-12-23T13:22:45.874+03:30  INFO 23307 --- [newsWebsite] [main] o.apache.catalina.core.StandardEngine    : Starting Servlet engine: [Apache Tomcat/10.1.33]
2024-12-23T13:22:45.893+03:30  INFO 23307 --- [newsWebsite] [main] o.a.c.c.C.[Tomcat].[localhost].[/]       : Initializing Spring embedded WebApplicationContext
2024-12-23T13:22:45.894+03:30  INFO 23307 --- [newsWebsite] [main] w.s.c.ServletWebServerApplicationContext : Root WebApplicationContext: initialization completed in 581 ms
2024-12-23T13:22:45.962+03:30  INFO 23307 --- [newsWebsite] [main] o.hibernate.jpa.internal.util.LogHelper  : HHH000204: Processing PersistenceUnitInfo [name: default]
2024-12-23T13:22:45.983+03:30  INFO 23307 --- [newsWebsite] [main] org.hibernate.Version                    : HHH000412: Hibernate ORM core version 6.6.2.Final
2024-12-23T13:22:45.996+03:30  INFO 23307 --- [newsWebsite] [main] o.h.c.internal.RegionFactoryInitiator    : HHH000026: Second-level cache disabled
2024-12-23T13:22:46.126+03:30  INFO 23307 --- [newsWebsite] [main] o.s.o.j.p.SpringPersistenceUnitInfo      : No LoadTimeWeaver setup: ignoring JPA class transformer
2024-12-23T13:22:46.141+03:30  INFO 23307 --- [newsWebsite] [main] com.zaxxer.hikari.HikariDataSource       : HikariPool-1 - Starting...
2024-12-23T13:22:46.288+03:30  INFO 23307 --- [newsWebsite] [main] com.zaxxer.hikari.pool.HikariPool        : HikariPool-1 - Added connection org.postgresql.jdbc.PgConnection@2f99d8c
2024-12-23T13:22:46.289+03:30  INFO 23307 --- [newsWebsite] [main] com.zaxxer.hikari.HikariDataSource       : HikariPool-1 - Start completed.
2024-12-23T13:22:46.306+03:30  WARN 23307 --- [newsWebsite] [main] org.hibernate.orm.deprecation            : HHH90000025: PostgreSQLDialect does not need to be specified explicitly using 'hibernate.dialect' (remove the property setting and it will be selected by default)
2024-12-23T13:22:46.315+03:30  INFO 23307 --- [newsWebsite] [main] org.hibernate.orm.connections.pooling    : HHH10001005: Database info:
	Database JDBC URL [Connecting through datasource 'HikariDataSource (HikariPool-1)']
	Database driver: undefined/unknown
	Database version: 14.15
	Autocommit mode: undefined/unknown
	Isolation level: undefined/unknown
	Minimum pool size: undefined/unknown
	Maximum pool size: undefined/unknown
2024-12-23T13:22:46.733+03:30  INFO 23307 --- [newsWebsite] [main] o.h.e.t.j.p.i.JtaPlatformInitiator       : HHH000489: No JTA platform available (set 'hibernate.transaction.jta.platform' to enable JTA platform integration)
2024-12-23T13:22:46.794+03:30  INFO 23307 --- [newsWebsite] [main] j.LocalContainerEntityManagerFactoryBean : Initialized JPA EntityManagerFactory for persistence unit 'default'
2024-12-23T13:22:46.971+03:30  WARN 23307 --- [newsWebsite] [main] JpaBaseConfiguration$JpaWebConfiguration : spring.jpa.open-in-view is enabled by default. Therefore, database queries may be performed during view rendering. Explicitly configure spring.jpa.open-in-view to disable this warning
2024-12-23T13:22:47.200+03:30  INFO 23307 --- [newsWebsite] [main] o.s.b.w.embedded.tomcat.TomcatWebServer  : Tomcat started on port 8080 (http) with context path '/'
2024-12-23T13:22:47.207+03:30  INFO 23307 --- [newsWebsite] [main] o.e.newsWebsite.NewsWebSiteApplication   : Started NewsWebSiteApplication in 2.158 seconds (process running for 2.497)
2024-12-23T13:22:59.472+03:30  INFO 23307 --- [newsWebsite] [http-nio-8080-exec-1] o.a.c.c.C.[Tomcat].[localhost].[/]       : Initializing Spring DispatcherServlet 'dispatcherServlet'
2024-12-23T13:22:59.472+03:30  INFO 23307 --- [newsWebsite] [http-nio-8080-exec-1] o.s.web.servlet.DispatcherServlet        : Initializing Servlet 'dispatcherServlet'
2024-12-23T13:22:59.473+03:30  INFO 23307 --- [newsWebsite] [http-nio-8080-exec-1] o.s.web.servlet.DispatcherServlet        : Completed initialization in 1 ms
2024-12-23T13:23:17.521+03:30  INFO 23307 --- [newsWebsite] [http-nio-8080-exec-2] o.e.n.controller.UserController          : Request to get all users.
2024-12-23T13:23:43.023+03:30  INFO 23307 --- [newsWebsite] [SpringApplicationShutdownHook] o.s.b.w.e.tomcat.GracefulShutdown        : Commencing graceful shutdown. Waiting for active requests to complete
2024-12-23T13:23:43.024+03:30  INFO 23307 --- [newsWebsite] [tomcat-shutdown] o.s.b.w.e.tomcat.GracefulShutdown        : Graceful shutdown complete
2024-12-23T13:23:43.027+03:30  INFO 23307 --- [newsWebsite] [SpringApplicationShutdownHook] j.LocalContainerEntityManagerFactoryBean : Closing JPA EntityManagerFactory for persistence unit 'default'
2024-12-23T13:23:43.028+03:30  INFO 23307 --- [newsWebsite] [SpringApplicationShutdownHook] com.zaxxer.hikari.HikariDataSource       : HikariPool-1 - Shutdown initiated...
2024-12-23T13:23:43.032+03:30  INFO 23307 --- [newsWebsite] [SpringApplicationShutdownHook] com.zaxxer.hikari.HikariDataSource       : HikariPool-1 - Shutdown completed.
2024-12-23T13:29:09.316+03:30  INFO 23937 --- [newsWebsite] [main] o.e.newsWebsite.NewsWebSiteApplication   : Starting NewsWebSiteApplication using Java 21.0.5 with PID 23937 (/home/alireza/Projects/NewsSite/NewsSite_Backend/target/classes started by alireza in /home/alireza/Projects/NewsSite/NewsSite_Backend)
2024-12-23T13:29:09.317+03:30  INFO 23937 --- [newsWebsite] [main] o.e.newsWebsite.NewsWebSiteApplication   : No active profile set, falling back to 1 default profile: "default"
2024-12-23T13:29:09.651+03:30  INFO 23937 --- [newsWebsite] [main] .s.d.r.c.RepositoryConfigurationDelegate : Multiple Spring Data modules found, entering strict repository configuration mode
2024-12-23T13:29:09.651+03:30  INFO 23937 --- [newsWebsite] [main] .s.d.r.c.RepositoryConfigurationDelegate : Bootstrapping Spring Data JDBC repositories in DEFAULT mode.
2024-12-23T13:29:09.667+03:30  INFO 23937 --- [newsWebsite] [main] .RepositoryConfigurationExtensionSupport : Spring Data JDBC - Could not safely identify store assignment for repository candidate interface org.example.newsWebsite.repository.NewsRepository; If you want this repository to be a JDBC repository, consider annotating your entities with one of these annotations: org.springframework.data.relational.core.mapping.Table.
2024-12-23T13:29:09.668+03:30  INFO 23937 --- [newsWebsite] [main] .RepositoryConfigurationExtensionSupport : Spring Data JDBC - Could not safely identify store assignment for repository candidate interface org.example.newsWebsite.repository.UserRepository; If you want this repository to be a JDBC repository, consider annotating your entities with one of these annotations: org.springframework.data.relational.core.mapping.Table.
2024-12-23T13:29:09.669+03:30  INFO 23937 --- [newsWebsite] [main] .RepositoryConfigurationExtensionSupport : Spring Data JDBC - Could not safely identify store assignment for repository candidate interface org.example.newsWebsite.repository.ViewRepository; If you want this repository to be a JDBC repository, consider annotating your entities with one of these annotations: org.springframework.data.relational.core.mapping.Table.
2024-12-23T13:29:09.669+03:30  INFO 23937 --- [newsWebsite] [main] .s.d.r.c.RepositoryConfigurationDelegate : Finished Spring Data repository scanning in 14 ms. Found 0 JDBC repository interfaces.
2024-12-23T13:29:09.674+03:30  INFO 23937 --- [newsWebsite] [main] .s.d.r.c.RepositoryConfigurationDelegate : Multiple Spring Data modules found, entering strict repository configuration mode
2024-12-23T13:29:09.675+03:30  INFO 23937 --- [newsWebsite] [main] .s.d.r.c.RepositoryConfigurationDelegate : Bootstrapping Spring Data JPA repositories in DEFAULT mode.
2024-12-23T13:29:09.689+03:30  INFO 23937 --- [newsWebsite] [main] .s.d.r.c.RepositoryConfigurationDelegate : Finished Spring Data repository scanning in 12 ms. Found 3 JPA repository interfaces.
2024-12-23T13:29:09.893+03:30  INFO 23937 --- [newsWebsite] [main] o.s.b.w.embedded.tomcat.TomcatWebServer  : Tomcat initialized with port 8080 (http)
2024-12-23T13:29:09.900+03:30  INFO 23937 --- [newsWebsite] [main] o.apache.catalina.core.StandardService   : Starting service [Tomcat]
2024-12-23T13:29:09.900+03:30  INFO 23937 --- [newsWebsite] [main] o.apache.catalina.core.StandardEngine    : Starting Servlet engine: [Apache Tomcat/10.1.33]
2024-12-23T13:29:09.919+03:30  INFO 23937 --- [newsWebsite] [main] o.a.c.c.C.[Tomcat].[localhost].[/]       : Initializing Spring embedded WebApplicationContext
2024-12-23T13:29:09.919+03:30  INFO 23937 --- [newsWebsite] [main] w.s.c.ServletWebServerApplicationContext : Root WebApplicationContext: initialization completed in 583 ms
2024-12-23T13:29:09.992+03:30  INFO 23937 --- [newsWebsite] [main] o.hibernate.jpa.internal.util.LogHelper  : HHH000204: Processing PersistenceUnitInfo [name: default]
2024-12-23T13:29:10.018+03:30  INFO 23937 --- [newsWebsite] [main] org.hibernate.Version                    : HHH000412: Hibernate ORM core version 6.6.2.Final
2024-12-23T13:29:10.031+03:30  INFO 23937 --- [newsWebsite] [main] o.h.c.internal.RegionFactoryInitiator    : HHH000026: Second-level cache disabled
2024-12-23T13:29:10.164+03:30  INFO 23937 --- [newsWebsite] [main] o.s.o.j.p.SpringPersistenceUnitInfo      : No LoadTimeWeaver setup: ignoring JPA class transformer
2024-12-23T13:29:10.178+03:30  INFO 23937 --- [newsWebsite] [main] com.zaxxer.hikari.HikariDataSource       : HikariPool-1 - Starting...
2024-12-23T13:29:10.318+03:30  INFO 23937 --- [newsWebsite] [main] com.zaxxer.hikari.pool.HikariPool        : HikariPool-1 - Added connection org.postgresql.jdbc.PgConnection@aa0dbca
2024-12-23T13:29:10.319+03:30  INFO 23937 --- [newsWebsite] [main] com.zaxxer.hikari.HikariDataSource       : HikariPool-1 - Start completed.
2024-12-23T13:29:10.334+03:30  WARN 23937 --- [newsWebsite] [main] org.hibernate.orm.deprecation            : HHH90000025: PostgreSQLDialect does not need to be specified explicitly using 'hibernate.dialect' (remove the property setting and it will be selected by default)
2024-12-23T13:29:10.343+03:30  INFO 23937 --- [newsWebsite] [main] org.hibernate.orm.connections.pooling    : HHH10001005: Database info:
	Database JDBC URL [Connecting through datasource 'HikariDataSource (HikariPool-1)']
	Database driver: undefined/unknown
	Database version: 14.15
	Autocommit mode: undefined/unknown
	Isolation level: undefined/unknown
	Minimum pool size: undefined/unknown
	Maximum pool size: undefined/unknown
2024-12-23T13:29:10.827+03:30  INFO 23937 --- [newsWebsite] [main] o.h.e.t.j.p.i.JtaPlatformInitiator       : HHH000489: No JTA platform available (set 'hibernate.transaction.jta.platform' to enable JTA platform integration)
2024-12-23T13:29:10.906+03:30  INFO 23937 --- [newsWebsite] [main] j.LocalContainerEntityManagerFactoryBean : Initialized JPA EntityManagerFactory for persistence unit 'default'
2024-12-23T13:29:11.095+03:30  WARN 23937 --- [newsWebsite] [main] JpaBaseConfiguration$JpaWebConfiguration : spring.jpa.open-in-view is enabled by default. Therefore, database queries may be performed during view rendering. Explicitly configure spring.jpa.open-in-view to disable this warning
2024-12-23T13:29:11.349+03:30  INFO 23937 --- [newsWebsite] [main] o.s.b.w.embedded.tomcat.TomcatWebServer  : Tomcat started on port 8080 (http) with context path '/'
2024-12-23T13:29:11.355+03:30  INFO 23937 --- [newsWebsite] [main] o.e.newsWebsite.NewsWebSiteApplication   : Started NewsWebSiteApplication in 2.298 seconds (process running for 2.697)
2024-12-23T13:29:16.506+03:30  INFO 23937 --- [newsWebsite] [http-nio-8080-exec-1] o.a.c.c.C.[Tomcat].[localhost].[/]       : Initializing Spring DispatcherServlet 'dispatcherServlet'
2024-12-23T13:29:16.506+03:30  INFO 23937 --- [newsWebsite] [http-nio-8080-exec-1] o.s.web.servlet.DispatcherServlet        : Initializing Servlet 'dispatcherServlet'
2024-12-23T13:29:16.507+03:30  INFO 23937 --- [newsWebsite] [http-nio-8080-exec-1] o.s.web.servlet.DispatcherServlet        : Completed initialization in 1 ms
2024-12-23T13:29:35.812+03:30  INFO 23937 --- [newsWebsite] [SpringApplicationShutdownHook] o.s.b.w.e.tomcat.GracefulShutdown        : Commencing graceful shutdown. Waiting for active requests to complete
2024-12-23T13:29:35.814+03:30  INFO 23937 --- [newsWebsite] [tomcat-shutdown] o.s.b.w.e.tomcat.GracefulShutdown        : Graceful shutdown complete
2024-12-23T13:29:35.816+03:30  INFO 23937 --- [newsWebsite] [SpringApplicationShutdownHook] j.LocalContainerEntityManagerFactoryBean : Closing JPA EntityManagerFactory for persistence unit 'default'
2024-12-23T13:29:35.818+03:30  INFO 23937 --- [newsWebsite] [SpringApplicationShutdownHook] com.zaxxer.hikari.HikariDataSource       : HikariPool-1 - Shutdown initiated...
2024-12-23T13:29:35.824+03:30  INFO 23937 --- [newsWebsite] [SpringApplicationShutdownHook] com.zaxxer.hikari.HikariDataSource       : HikariPool-1 - Shutdown completed.
2024-12-23T13:30:28.927+03:30  INFO 24124 --- [newsWebsite] [main] o.e.newsWebsite.NewsWebSiteApplication   : Starting NewsWebSiteApplication using Java 21.0.5 with PID 24124 (/home/alireza/Projects/NewsSite/NewsSite_Backend/target/classes started by alireza in /home/alireza/Projects/NewsSite/NewsSite_Backend)
2024-12-23T13:30:28.928+03:30  INFO 24124 --- [newsWebsite] [main] o.e.newsWebsite.NewsWebSiteApplication   : No active profile set, falling back to 1 default profile: "default"
2024-12-23T13:30:29.243+03:30  INFO 24124 --- [newsWebsite] [main] .s.d.r.c.RepositoryConfigurationDelegate : Multiple Spring Data modules found, entering strict repository configuration mode
2024-12-23T13:30:29.243+03:30  INFO 24124 --- [newsWebsite] [main] .s.d.r.c.RepositoryConfigurationDelegate : Bootstrapping Spring Data JDBC repositories in DEFAULT mode.
2024-12-23T13:30:29.258+03:30  INFO 24124 --- [newsWebsite] [main] .RepositoryConfigurationExtensionSupport : Spring Data JDBC - Could not safely identify store assignment for repository candidate interface org.example.newsWebsite.repository.NewsRepository; If you want this repository to be a JDBC repository, consider annotating your entities with one of these annotations: org.springframework.data.relational.core.mapping.Table.
2024-12-23T13:30:29.259+03:30  INFO 24124 --- [newsWebsite] [main] .RepositoryConfigurationExtensionSupport : Spring Data JDBC - Could not safely identify store assignment for repository candidate interface org.example.newsWebsite.repository.UserRepository; If you want this repository to be a JDBC repository, consider annotating your entities with one of these annotations: org.springframework.data.relational.core.mapping.Table.
2024-12-23T13:30:29.259+03:30  INFO 24124 --- [newsWebsite] [main] .RepositoryConfigurationExtensionSupport : Spring Data JDBC - Could not safely identify store assignment for repository candidate interface org.example.newsWebsite.repository.ViewRepository; If you want this repository to be a JDBC repository, consider annotating your entities with one of these annotations: org.springframework.data.relational.core.mapping.Table.
2024-12-23T13:30:29.260+03:30  INFO 24124 --- [newsWebsite] [main] .s.d.r.c.RepositoryConfigurationDelegate : Finished Spring Data repository scanning in 14 ms. Found 0 JDBC repository interfaces.
2024-12-23T13:30:29.266+03:30  INFO 24124 --- [newsWebsite] [main] .s.d.r.c.RepositoryConfigurationDelegate : Multiple Spring Data modules found, entering strict repository configuration mode
2024-12-23T13:30:29.266+03:30  INFO 24124 --- [newsWebsite] [main] .s.d.r.c.RepositoryConfigurationDelegate : Bootstrapping Spring Data JPA repositories in DEFAULT mode.
2024-12-23T13:30:29.281+03:30  INFO 24124 --- [newsWebsite] [main] .s.d.r.c.RepositoryConfigurationDelegate : Finished Spring Data repository scanning in 12 ms. Found 3 JPA repository interfaces.
2024-12-23T13:30:29.528+03:30  INFO 24124 --- [newsWebsite] [main] o.s.b.w.embedded.tomcat.TomcatWebServer  : Tomcat initialized with port 8080 (http)
2024-12-23T13:30:29.534+03:30  INFO 24124 --- [newsWebsite] [main] o.apache.catalina.core.StandardService   : Starting service [Tomcat]
2024-12-23T13:30:29.535+03:30  INFO 24124 --- [newsWebsite] [main] o.apache.catalina.core.StandardEngine    : Starting Servlet engine: [Apache Tomcat/10.1.33]
2024-12-23T13:30:29.554+03:30  INFO 24124 --- [newsWebsite] [main] o.a.c.c.C.[Tomcat].[localhost].[/]       : Initializing Spring embedded WebApplicationContext
2024-12-23T13:30:29.554+03:30  INFO 24124 --- [newsWebsite] [main] w.s.c.ServletWebServerApplicationContext : Root WebApplicationContext: initialization completed in 604 ms
2024-12-23T13:30:29.625+03:30  INFO 24124 --- [newsWebsite] [main] o.hibernate.jpa.internal.util.LogHelper  : HHH000204: Processing PersistenceUnitInfo [name: default]
2024-12-23T13:30:29.651+03:30  INFO 24124 --- [newsWebsite] [main] org.hibernate.Version                    : HHH000412: Hibernate ORM core version 6.6.2.Final
2024-12-23T13:30:29.664+03:30  INFO 24124 --- [newsWebsite] [main] o.h.c.internal.RegionFactoryInitiator    : HHH000026: Second-level cache disabled
2024-12-23T13:30:29.799+03:30  INFO 24124 --- [newsWebsite] [main] o.s.o.j.p.SpringPersistenceUnitInfo      : No LoadTimeWeaver setup: ignoring JPA class transformer
2024-12-23T13:30:29.813+03:30  INFO 24124 --- [newsWebsite] [main] com.zaxxer.hikari.HikariDataSource       : HikariPool-1 - Starting...
2024-12-23T13:30:29.964+03:30  INFO 24124 --- [newsWebsite] [main] com.zaxxer.hikari.pool.HikariPool        : HikariPool-1 - Added connection org.postgresql.jdbc.PgConnection@65d7eea4
2024-12-23T13:30:29.966+03:30  INFO 24124 --- [newsWebsite] [main] com.zaxxer.hikari.HikariDataSource       : HikariPool-1 - Start completed.
2024-12-23T13:30:29.988+03:30  WARN 24124 --- [newsWebsite] [main] org.hibernate.orm.deprecation            : HHH90000025: PostgreSQLDialect does not need to be specified explicitly using 'hibernate.dialect' (remove the property setting and it will be selected by default)
2024-12-23T13:30:29.998+03:30  INFO 24124 --- [newsWebsite] [main] org.hibernate.orm.connections.pooling    : HHH10001005: Database info:
	Database JDBC URL [Connecting through datasource 'HikariDataSource (HikariPool-1)']
	Database driver: undefined/unknown
	Database version: 14.15
	Autocommit mode: undefined/unknown
	Isolation level: undefined/unknown
	Minimum pool size: undefined/unknown
	Maximum pool size: undefined/unknown
2024-12-23T13:30:30.469+03:30  INFO 24124 --- [newsWebsite] [main] o.h.e.t.j.p.i.JtaPlatformInitiator       : HHH000489: No JTA platform available (set 'hibernate.transaction.jta.platform' to enable JTA platform integration)
2024-12-23T13:30:30.538+03:30  INFO 24124 --- [newsWebsite] [main] j.LocalContainerEntityManagerFactoryBean : Initialized JPA EntityManagerFactory for persistence unit 'default'
2024-12-23T13:30:30.710+03:30  WARN 24124 --- [newsWebsite] [main] JpaBaseConfiguration$JpaWebConfiguration : spring.jpa.open-in-view is enabled by default. Therefore, database queries may be performed during view rendering. Explicitly configure spring.jpa.open-in-view to disable this warning
2024-12-23T13:30:30.938+03:30  INFO 24124 --- [newsWebsite] [main] o.s.b.w.embedded.tomcat.TomcatWebServer  : Tomcat started on port 8080 (http) with context path '/'
2024-12-23T13:30:30.943+03:30  INFO 24124 --- [newsWebsite] [main] o.e.newsWebsite.NewsWebSiteApplication   : Started NewsWebSiteApplication in 2.296 seconds (process running for 2.7)
2024-12-23T13:30:32.514+03:30  INFO 24124 --- [newsWebsite] [http-nio-8080-exec-1] o.a.c.c.C.[Tomcat].[localhost].[/]       : Initializing Spring DispatcherServlet 'dispatcherServlet'
2024-12-23T13:30:32.514+03:30  INFO 24124 --- [newsWebsite] [http-nio-8080-exec-1] o.s.web.servlet.DispatcherServlet        : Initializing Servlet 'dispatcherServlet'
2024-12-23T13:30:32.516+03:30  INFO 24124 --- [newsWebsite] [http-nio-8080-exec-1] o.s.web.servlet.DispatcherServlet        : Completed initialization in 1 ms
2024-12-23T13:30:35.527+03:30  INFO 24124 --- [newsWebsite] [SpringApplicationShutdownHook] o.s.b.w.e.tomcat.GracefulShutdown        : Commencing graceful shutdown. Waiting for active requests to complete
2024-12-23T13:30:35.529+03:30  INFO 24124 --- [newsWebsite] [tomcat-shutdown] o.s.b.w.e.tomcat.GracefulShutdown        : Graceful shutdown complete
2024-12-23T13:30:35.531+03:30  INFO 24124 --- [newsWebsite] [SpringApplicationShutdownHook] j.LocalContainerEntityManagerFactoryBean : Closing JPA EntityManagerFactory for persistence unit 'default'
2024-12-23T13:30:35.532+03:30  INFO 24124 --- [newsWebsite] [SpringApplicationShutdownHook] com.zaxxer.hikari.HikariDataSource       : HikariPool-1 - Shutdown initiated...
2024-12-23T13:30:35.536+03:30  INFO 24124 --- [newsWebsite] [SpringApplicationShutdownHook] com.zaxxer.hikari.HikariDataSource       : HikariPool-1 - Shutdown completed.
2024-12-23T13:32:02.584+03:30  INFO 24298 --- [newsWebsite] [main] o.e.newsWebsite.NewsWebSiteApplication   : Starting NewsWebSiteApplication using Java 21.0.5 with PID 24298 (/home/alireza/Projects/NewsSite/NewsSite_Backend/target/classes started by alireza in /home/alireza/Projects/NewsSite/NewsSite_Backend)
2024-12-23T13:32:02.585+03:30  INFO 24298 --- [newsWebsite] [main] o.e.newsWebsite.NewsWebSiteApplication   : No active profile set, falling back to 1 default profile: "default"
2024-12-23T13:32:02.928+03:30  INFO 24298 --- [newsWebsite] [main] .s.d.r.c.RepositoryConfigurationDelegate : Multiple Spring Data modules found, entering strict repository configuration mode
2024-12-23T13:32:02.928+03:30  INFO 24298 --- [newsWebsite] [main] .s.d.r.c.RepositoryConfigurationDelegate : Bootstrapping Spring Data JDBC repositories in DEFAULT mode.
2024-12-23T13:32:02.944+03:30  INFO 24298 --- [newsWebsite] [main] .RepositoryConfigurationExtensionSupport : Spring Data JDBC - Could not safely identify store assignment for repository candidate interface org.example.newsWebsite.repository.NewsRepository; If you want this repository to be a JDBC repository, consider annotating your entities with one of these annotations: org.springframework.data.relational.core.mapping.Table.
2024-12-23T13:32:02.944+03:30  INFO 24298 --- [newsWebsite] [main] .RepositoryConfigurationExtensionSupport : Spring Data JDBC - Could not safely identify store assignment for repository candidate interface org.example.newsWebsite.repository.UserRepository; If you want this repository to be a JDBC repository, consider annotating your entities with one of these annotations: org.springframework.data.relational.core.mapping.Table.
2024-12-23T13:32:02.945+03:30  INFO 24298 --- [newsWebsite] [main] .RepositoryConfigurationExtensionSupport : Spring Data JDBC - Could not safely identify store assignment for repository candidate interface org.example.newsWebsite.repository.ViewRepository; If you want this repository to be a JDBC repository, consider annotating your entities with one of these annotations: org.springframework.data.relational.core.mapping.Table.
2024-12-23T13:32:02.945+03:30  INFO 24298 --- [newsWebsite] [main] .s.d.r.c.RepositoryConfigurationDelegate : Finished Spring Data repository scanning in 14 ms. Found 0 JDBC repository interfaces.
2024-12-23T13:32:02.950+03:30  INFO 24298 --- [newsWebsite] [main] .s.d.r.c.RepositoryConfigurationDelegate : Multiple Spring Data modules found, entering strict repository configuration mode
2024-12-23T13:32:02.951+03:30  INFO 24298 --- [newsWebsite] [main] .s.d.r.c.RepositoryConfigurationDelegate : Bootstrapping Spring Data JPA repositories in DEFAULT mode.
2024-12-23T13:32:02.966+03:30  INFO 24298 --- [newsWebsite] [main] .s.d.r.c.RepositoryConfigurationDelegate : Finished Spring Data repository scanning in 12 ms. Found 3 JPA repository interfaces.
2024-12-23T13:32:03.191+03:30  INFO 24298 --- [newsWebsite] [main] o.s.b.w.embedded.tomcat.TomcatWebServer  : Tomcat initialized with port 8080 (http)
2024-12-23T13:32:03.198+03:30  INFO 24298 --- [newsWebsite] [main] o.apache.catalina.core.StandardService   : Starting service [Tomcat]
2024-12-23T13:32:03.198+03:30  INFO 24298 --- [newsWebsite] [main] o.apache.catalina.core.StandardEngine    : Starting Servlet engine: [Apache Tomcat/10.1.33]
2024-12-23T13:32:03.217+03:30  INFO 24298 --- [newsWebsite] [main] o.a.c.c.C.[Tomcat].[localhost].[/]       : Initializing Spring embedded WebApplicationContext
2024-12-23T13:32:03.217+03:30  INFO 24298 --- [newsWebsite] [main] w.s.c.ServletWebServerApplicationContext : Root WebApplicationContext: initialization completed in 608 ms
2024-12-23T13:32:03.285+03:30  INFO 24298 --- [newsWebsite] [main] o.hibernate.jpa.internal.util.LogHelper  : HHH000204: Processing PersistenceUnitInfo [name: default]
2024-12-23T13:32:03.309+03:30  INFO 24298 --- [newsWebsite] [main] org.hibernate.Version                    : HHH000412: Hibernate ORM core version 6.6.2.Final
2024-12-23T13:32:03.322+03:30  INFO 24298 --- [newsWebsite] [main] o.h.c.internal.RegionFactoryInitiator    : HHH000026: Second-level cache disabled
2024-12-23T13:32:03.445+03:30  INFO 24298 --- [newsWebsite] [main] o.s.o.j.p.SpringPersistenceUnitInfo      : No LoadTimeWeaver setup: ignoring JPA class transformer
2024-12-23T13:32:03.460+03:30  INFO 24298 --- [newsWebsite] [main] com.zaxxer.hikari.HikariDataSource       : HikariPool-1 - Starting...
2024-12-23T13:32:03.601+03:30  INFO 24298 --- [newsWebsite] [main] com.zaxxer.hikari.pool.HikariPool        : HikariPool-1 - Added connection org.postgresql.jdbc.PgConnection@5c4714ef
2024-12-23T13:32:03.602+03:30  INFO 24298 --- [newsWebsite] [main] com.zaxxer.hikari.HikariDataSource       : HikariPool-1 - Start completed.
2024-12-23T13:32:03.616+03:30  WARN 24298 --- [newsWebsite] [main] org.hibernate.orm.deprecation            : HHH90000025: PostgreSQLDialect does not need to be specified explicitly using 'hibernate.dialect' (remove the property setting and it will be selected by default)
2024-12-23T13:32:03.624+03:30  INFO 24298 --- [newsWebsite] [main] org.hibernate.orm.connections.pooling    : HHH10001005: Database info:
	Database JDBC URL [Connecting through datasource 'HikariDataSource (HikariPool-1)']
	Database driver: undefined/unknown
	Database version: 14.15
	Autocommit mode: undefined/unknown
	Isolation level: undefined/unknown
	Minimum pool size: undefined/unknown
	Maximum pool size: undefined/unknown
2024-12-23T13:32:04.017+03:30  INFO 24298 --- [newsWebsite] [main] o.h.e.t.j.p.i.JtaPlatformInitiator       : HHH000489: No JTA platform available (set 'hibernate.transaction.jta.platform' to enable JTA platform integration)
2024-12-23T13:32:04.085+03:30  INFO 24298 --- [newsWebsite] [main] j.LocalContainerEntityManagerFactoryBean : Initialized JPA EntityManagerFactory for persistence unit 'default'
2024-12-23T13:32:04.249+03:30  WARN 24298 --- [newsWebsite] [main] JpaBaseConfiguration$JpaWebConfiguration : spring.jpa.open-in-view is enabled by default. Therefore, database queries may be performed during view rendering. Explicitly configure spring.jpa.open-in-view to disable this warning
2024-12-23T13:32:04.475+03:30  INFO 24298 --- [newsWebsite] [main] o.s.b.w.embedded.tomcat.TomcatWebServer  : Tomcat started on port 8080 (http) with context path '/'
2024-12-23T13:32:04.480+03:30  INFO 24298 --- [newsWebsite] [main] o.e.newsWebsite.NewsWebSiteApplication   : Started NewsWebSiteApplication in 2.172 seconds (process running for 2.543)
2024-12-23T13:32:05.529+03:30  INFO 24298 --- [newsWebsite] [http-nio-8080-exec-2] o.a.c.c.C.[Tomcat].[localhost].[/]       : Initializing Spring DispatcherServlet 'dispatcherServlet'
2024-12-23T13:32:05.529+03:30  INFO 24298 --- [newsWebsite] [http-nio-8080-exec-2] o.s.web.servlet.DispatcherServlet        : Initializing Servlet 'dispatcherServlet'
2024-12-23T13:32:05.530+03:30  INFO 24298 --- [newsWebsite] [http-nio-8080-exec-2] o.s.web.servlet.DispatcherServlet        : Completed initialization in 0 ms
2024-12-23T13:32:08.019+03:30  INFO 24298 --- [newsWebsite] [SpringApplicationShutdownHook] o.s.b.w.e.tomcat.GracefulShutdown        : Commencing graceful shutdown. Waiting for active requests to complete
2024-12-23T13:32:08.021+03:30  INFO 24298 --- [newsWebsite] [tomcat-shutdown] o.s.b.w.e.tomcat.GracefulShutdown        : Graceful shutdown complete
2024-12-23T13:32:08.024+03:30  INFO 24298 --- [newsWebsite] [SpringApplicationShutdownHook] j.LocalContainerEntityManagerFactoryBean : Closing JPA EntityManagerFactory for persistence unit 'default'
2024-12-23T13:32:08.025+03:30  INFO 24298 --- [newsWebsite] [SpringApplicationShutdownHook] com.zaxxer.hikari.HikariDataSource       : HikariPool-1 - Shutdown initiated...
2024-12-23T13:32:08.031+03:30  INFO 24298 --- [newsWebsite] [SpringApplicationShutdownHook] com.zaxxer.hikari.HikariDataSource       : HikariPool-1 - Shutdown completed.
2024-12-23T13:37:52.357+03:30  INFO 25002 --- [newsWebsite] [main] o.e.newsWebsite.NewsWebSiteApplication   : Starting NewsWebSiteApplication using Java 21.0.5 with PID 25002 (/home/alireza/Projects/NewsSite/NewsSite_Backend/target/classes started by alireza in /home/alireza/Projects/NewsSite/NewsSite_Backend)
2024-12-23T13:37:52.359+03:30  INFO 25002 --- [newsWebsite] [main] o.e.newsWebsite.NewsWebSiteApplication   : No active profile set, falling back to 1 default profile: "default"
2024-12-23T13:37:52.675+03:30  INFO 25002 --- [newsWebsite] [main] .s.d.r.c.RepositoryConfigurationDelegate : Multiple Spring Data modules found, entering strict repository configuration mode
2024-12-23T13:37:52.676+03:30  INFO 25002 --- [newsWebsite] [main] .s.d.r.c.RepositoryConfigurationDelegate : Bootstrapping Spring Data JDBC repositories in DEFAULT mode.
2024-12-23T13:37:52.692+03:30  INFO 25002 --- [newsWebsite] [main] .RepositoryConfigurationExtensionSupport : Spring Data JDBC - Could not safely identify store assignment for repository candidate interface org.example.newsWebsite.repository.NewsRepository; If you want this repository to be a JDBC repository, consider annotating your entities with one of these annotations: org.springframework.data.relational.core.mapping.Table.
2024-12-23T13:37:52.693+03:30  INFO 25002 --- [newsWebsite] [main] .RepositoryConfigurationExtensionSupport : Spring Data JDBC - Could not safely identify store assignment for repository candidate interface org.example.newsWebsite.repository.UserRepository; If you want this repository to be a JDBC repository, consider annotating your entities with one of these annotations: org.springframework.data.relational.core.mapping.Table.
2024-12-23T13:37:52.693+03:30  INFO 25002 --- [newsWebsite] [main] .RepositoryConfigurationExtensionSupport : Spring Data JDBC - Could not safely identify store assignment for repository candidate interface org.example.newsWebsite.repository.ViewRepository; If you want this repository to be a JDBC repository, consider annotating your entities with one of these annotations: org.springframework.data.relational.core.mapping.Table.
2024-12-23T13:37:52.694+03:30  INFO 25002 --- [newsWebsite] [main] .s.d.r.c.RepositoryConfigurationDelegate : Finished Spring Data repository scanning in 15 ms. Found 0 JDBC repository interfaces.
2024-12-23T13:37:52.699+03:30  INFO 25002 --- [newsWebsite] [main] .s.d.r.c.RepositoryConfigurationDelegate : Multiple Spring Data modules found, entering strict repository configuration mode
2024-12-23T13:37:52.699+03:30  INFO 25002 --- [newsWebsite] [main] .s.d.r.c.RepositoryConfigurationDelegate : Bootstrapping Spring Data JPA repositories in DEFAULT mode.
2024-12-23T13:37:52.714+03:30  INFO 25002 --- [newsWebsite] [main] .s.d.r.c.RepositoryConfigurationDelegate : Finished Spring Data repository scanning in 12 ms. Found 3 JPA repository interfaces.
2024-12-23T13:37:52.921+03:30  INFO 25002 --- [newsWebsite] [main] o.s.b.w.embedded.tomcat.TomcatWebServer  : Tomcat initialized with port 8080 (http)
2024-12-23T13:37:52.929+03:30  INFO 25002 --- [newsWebsite] [main] o.apache.catalina.core.StandardService   : Starting service [Tomcat]
2024-12-23T13:37:52.929+03:30  INFO 25002 --- [newsWebsite] [main] o.apache.catalina.core.StandardEngine    : Starting Servlet engine: [Apache Tomcat/10.1.33]
2024-12-23T13:37:52.951+03:30  INFO 25002 --- [newsWebsite] [main] o.a.c.c.C.[Tomcat].[localhost].[/]       : Initializing Spring embedded WebApplicationContext
2024-12-23T13:37:52.951+03:30  INFO 25002 --- [newsWebsite] [main] w.s.c.ServletWebServerApplicationContext : Root WebApplicationContext: initialization completed in 559 ms
2024-12-23T13:37:53.024+03:30  INFO 25002 --- [newsWebsite] [main] o.hibernate.jpa.internal.util.LogHelper  : HHH000204: Processing PersistenceUnitInfo [name: default]
2024-12-23T13:37:53.051+03:30  INFO 25002 --- [newsWebsite] [main] org.hibernate.Version                    : HHH000412: Hibernate ORM core version 6.6.2.Final
2024-12-23T13:37:53.065+03:30  INFO 25002 --- [newsWebsite] [main] o.h.c.internal.RegionFactoryInitiator    : HHH000026: Second-level cache disabled
2024-12-23T13:37:53.198+03:30  INFO 25002 --- [newsWebsite] [main] o.s.o.j.p.SpringPersistenceUnitInfo      : No LoadTimeWeaver setup: ignoring JPA class transformer
2024-12-23T13:37:53.212+03:30  INFO 25002 --- [newsWebsite] [main] com.zaxxer.hikari.HikariDataSource       : HikariPool-1 - Starting...
2024-12-23T13:37:53.357+03:30  INFO 25002 --- [newsWebsite] [main] com.zaxxer.hikari.pool.HikariPool        : HikariPool-1 - Added connection org.postgresql.jdbc.PgConnection@1224e1b6
2024-12-23T13:37:53.358+03:30  INFO 25002 --- [newsWebsite] [main] com.zaxxer.hikari.HikariDataSource       : HikariPool-1 - Start completed.
2024-12-23T13:37:53.372+03:30  WARN 25002 --- [newsWebsite] [main] org.hibernate.orm.deprecation            : HHH90000025: PostgreSQLDialect does not need to be specified explicitly using 'hibernate.dialect' (remove the property setting and it will be selected by default)
2024-12-23T13:37:53.381+03:30  INFO 25002 --- [newsWebsite] [main] org.hibernate.orm.connections.pooling    : HHH10001005: Database info:
	Database JDBC URL [Connecting through datasource 'HikariDataSource (HikariPool-1)']
	Database driver: undefined/unknown
	Database version: 14.15
	Autocommit mode: undefined/unknown
	Isolation level: undefined/unknown
	Minimum pool size: undefined/unknown
	Maximum pool size: undefined/unknown
2024-12-23T13:37:53.792+03:30  INFO 25002 --- [newsWebsite] [main] o.h.e.t.j.p.i.JtaPlatformInitiator       : HHH000489: No JTA platform available (set 'hibernate.transaction.jta.platform' to enable JTA platform integration)
2024-12-23T13:37:53.843+03:30  INFO 25002 --- [newsWebsite] [main] j.LocalContainerEntityManagerFactoryBean : Initialized JPA EntityManagerFactory for persistence unit 'default'
2024-12-23T13:37:54.032+03:30  WARN 25002 --- [newsWebsite] [main] JpaBaseConfiguration$JpaWebConfiguration : spring.jpa.open-in-view is enabled by default. Therefore, database queries may be performed during view rendering. Explicitly configure spring.jpa.open-in-view to disable this warning
2024-12-23T13:37:54.311+03:30  INFO 25002 --- [newsWebsite] [main] o.s.b.w.embedded.tomcat.TomcatWebServer  : Tomcat started on port 8080 (http) with context path '/'
2024-12-23T13:37:54.316+03:30  INFO 25002 --- [newsWebsite] [main] o.e.newsWebsite.NewsWebSiteApplication   : Started NewsWebSiteApplication in 2.225 seconds (process running for 2.567)
2024-12-23T13:38:00.960+03:30  INFO 25002 --- [newsWebsite] [http-nio-8080-exec-2] o.a.c.c.C.[Tomcat].[localhost].[/]       : Initializing Spring DispatcherServlet 'dispatcherServlet'
2024-12-23T13:38:00.960+03:30  INFO 25002 --- [newsWebsite] [http-nio-8080-exec-2] o.s.web.servlet.DispatcherServlet        : Initializing Servlet 'dispatcherServlet'
2024-12-23T13:38:00.961+03:30  INFO 25002 --- [newsWebsite] [http-nio-8080-exec-2] o.s.web.servlet.DispatcherServlet        : Completed initialization in 1 ms
2024-12-23T14:12:56.141+03:30  INFO 25002 --- [newsWebsite] [SpringApplicationShutdownHook] o.s.b.w.e.tomcat.GracefulShutdown        : Commencing graceful shutdown. Waiting for active requests to complete
2024-12-23T14:12:56.142+03:30  INFO 25002 --- [newsWebsite] [tomcat-shutdown] o.s.b.w.e.tomcat.GracefulShutdown        : Graceful shutdown complete
2024-12-23T14:12:56.146+03:30  INFO 25002 --- [newsWebsite] [SpringApplicationShutdownHook] j.LocalContainerEntityManagerFactoryBean : Closing JPA EntityManagerFactory for persistence unit 'default'
2024-12-23T14:12:56.149+03:30  INFO 25002 --- [newsWebsite] [SpringApplicationShutdownHook] com.zaxxer.hikari.HikariDataSource       : HikariPool-1 - Shutdown initiated...
2024-12-23T14:12:56.155+03:30  INFO 25002 --- [newsWebsite] [SpringApplicationShutdownHook] com.zaxxer.hikari.HikariDataSource       : HikariPool-1 - Shutdown completed.
2024-12-23T15:15:21.378+03:30  INFO 38839 --- [newsWebsite] [main] o.e.newsWebsite.NewsWebSiteApplication   : Starting NewsWebSiteApplication using Java 21.0.5 with PID 38839 (/home/alireza/Projects/NewsSite/NewsSite_Backend/target/classes started by alireza in /home/alireza/Projects/NewsSite/NewsSite_Backend)
2024-12-23T15:15:21.380+03:30  INFO 38839 --- [newsWebsite] [main] o.e.newsWebsite.NewsWebSiteApplication   : No active profile set, falling back to 1 default profile: "default"
2024-12-23T15:15:21.957+03:30  INFO 38839 --- [newsWebsite] [main] .s.d.r.c.RepositoryConfigurationDelegate : Multiple Spring Data modules found, entering strict repository configuration mode
2024-12-23T15:15:21.958+03:30  INFO 38839 --- [newsWebsite] [main] .s.d.r.c.RepositoryConfigurationDelegate : Bootstrapping Spring Data JDBC repositories in DEFAULT mode.
2024-12-23T15:15:21.995+03:30  INFO 38839 --- [newsWebsite] [main] .RepositoryConfigurationExtensionSupport : Spring Data JDBC - Could not safely identify store assignment for repository candidate interface org.example.newsWebsite.repository.NewsRepository; If you want this repository to be a JDBC repository, consider annotating your entities with one of these annotations: org.springframework.data.relational.core.mapping.Table.
2024-12-23T15:15:21.996+03:30  INFO 38839 --- [newsWebsite] [main] .RepositoryConfigurationExtensionSupport : Spring Data JDBC - Could not safely identify store assignment for repository candidate interface org.example.newsWebsite.repository.UserRepository; If you want this repository to be a JDBC repository, consider annotating your entities with one of these annotations: org.springframework.data.relational.core.mapping.Table.
2024-12-23T15:15:21.998+03:30  INFO 38839 --- [newsWebsite] [main] .RepositoryConfigurationExtensionSupport : Spring Data JDBC - Could not safely identify store assignment for repository candidate interface org.example.newsWebsite.repository.ViewRepository; If you want this repository to be a JDBC repository, consider annotating your entities with one of these annotations: org.springframework.data.relational.core.mapping.Table.
2024-12-23T15:15:21.998+03:30  INFO 38839 --- [newsWebsite] [main] .s.d.r.c.RepositoryConfigurationDelegate : Finished Spring Data repository scanning in 34 ms. Found 0 JDBC repository interfaces.
2024-12-23T15:15:22.011+03:30  INFO 38839 --- [newsWebsite] [main] .s.d.r.c.RepositoryConfigurationDelegate : Multiple Spring Data modules found, entering strict repository configuration mode
2024-12-23T15:15:22.013+03:30  INFO 38839 --- [newsWebsite] [main] .s.d.r.c.RepositoryConfigurationDelegate : Bootstrapping Spring Data JPA repositories in DEFAULT mode.
2024-12-23T15:15:22.049+03:30  INFO 38839 --- [newsWebsite] [main] .s.d.r.c.RepositoryConfigurationDelegate : Finished Spring Data repository scanning in 31 ms. Found 3 JPA repository interfaces.
2024-12-23T15:15:22.249+03:30  INFO 38908 --- [newsWebsite] [main] o.e.newsWebsite.NewsWebSiteApplication   : Starting NewsWebSiteApplication using Java 21.0.5 with PID 38908 (/home/alireza/Projects/NewsSite/NewsSite_Backend/target/classes started by alireza in /home/alireza/Projects/NewsSite/NewsSite_Backend)
2024-12-23T15:15:22.251+03:30  INFO 38908 --- [newsWebsite] [main] o.e.newsWebsite.NewsWebSiteApplication   : No active profile set, falling back to 1 default profile: "default"
2024-12-23T15:15:22.409+03:30  INFO 38839 --- [newsWebsite] [main] o.s.b.w.embedded.tomcat.TomcatWebServer  : Tomcat initialized with port 8080 (http)
2024-12-23T15:15:22.419+03:30  INFO 38839 --- [newsWebsite] [main] o.apache.catalina.core.StandardService   : Starting service [Tomcat]
2024-12-23T15:15:22.420+03:30  INFO 38839 --- [newsWebsite] [main] o.apache.catalina.core.StandardEngine    : Starting Servlet engine: [Apache Tomcat/10.1.33]
2024-12-23T15:15:22.452+03:30  INFO 38839 --- [newsWebsite] [main] o.a.c.c.C.[Tomcat].[localhost].[/]       : Initializing Spring embedded WebApplicationContext
2024-12-23T15:15:22.453+03:30  INFO 38839 --- [newsWebsite] [main] w.s.c.ServletWebServerApplicationContext : Root WebApplicationContext: initialization completed in 1032 ms
2024-12-23T15:15:22.572+03:30  INFO 38839 --- [newsWebsite] [main] o.hibernate.jpa.internal.util.LogHelper  : HHH000204: Processing PersistenceUnitInfo [name: default]
2024-12-23T15:15:22.624+03:30  INFO 38839 --- [newsWebsite] [main] org.hibernate.Version                    : HHH000412: Hibernate ORM core version 6.6.2.Final
2024-12-23T15:15:22.649+03:30  INFO 38839 --- [newsWebsite] [main] o.h.c.internal.RegionFactoryInitiator    : HHH000026: Second-level cache disabled
2024-12-23T15:15:22.662+03:30  INFO 38908 --- [newsWebsite] [main] .s.d.r.c.RepositoryConfigurationDelegate : Multiple Spring Data modules found, entering strict repository configuration mode
2024-12-23T15:15:22.663+03:30  INFO 38908 --- [newsWebsite] [main] .s.d.r.c.RepositoryConfigurationDelegate : Bootstrapping Spring Data JDBC repositories in DEFAULT mode.
2024-12-23T15:15:22.680+03:30  INFO 38908 --- [newsWebsite] [main] .RepositoryConfigurationExtensionSupport : Spring Data JDBC - Could not safely identify store assignment for repository candidate interface org.example.newsWebsite.repository.NewsRepository; If you want this repository to be a JDBC repository, consider annotating your entities with one of these annotations: org.springframework.data.relational.core.mapping.Table.
2024-12-23T15:15:22.680+03:30  INFO 38908 --- [newsWebsite] [main] .RepositoryConfigurationExtensionSupport : Spring Data JDBC - Could not safely identify store assignment for repository candidate interface org.example.newsWebsite.repository.UserRepository; If you want this repository to be a JDBC repository, consider annotating your entities with one of these annotations: org.springframework.data.relational.core.mapping.Table.
2024-12-23T15:15:22.681+03:30  INFO 38908 --- [newsWebsite] [main] .RepositoryConfigurationExtensionSupport : Spring Data JDBC - Could not safely identify store assignment for repository candidate interface org.example.newsWebsite.repository.ViewRepository; If you want this repository to be a JDBC repository, consider annotating your entities with one of these annotations: org.springframework.data.relational.core.mapping.Table.
2024-12-23T15:15:22.681+03:30  INFO 38908 --- [newsWebsite] [main] .s.d.r.c.RepositoryConfigurationDelegate : Finished Spring Data repository scanning in 15 ms. Found 0 JDBC repository interfaces.
2024-12-23T15:15:22.687+03:30  INFO 38908 --- [newsWebsite] [main] .s.d.r.c.RepositoryConfigurationDelegate : Multiple Spring Data modules found, entering strict repository configuration mode
2024-12-23T15:15:22.687+03:30  INFO 38908 --- [newsWebsite] [main] .s.d.r.c.RepositoryConfigurationDelegate : Bootstrapping Spring Data JPA repositories in DEFAULT mode.
2024-12-23T15:15:22.703+03:30  INFO 38908 --- [newsWebsite] [main] .s.d.r.c.RepositoryConfigurationDelegate : Finished Spring Data repository scanning in 13 ms. Found 3 JPA repository interfaces.
2024-12-23T15:15:22.857+03:30  INFO 38839 --- [newsWebsite] [main] o.s.o.j.p.SpringPersistenceUnitInfo      : No LoadTimeWeaver setup: ignoring JPA class transformer
2024-12-23T15:15:22.882+03:30  INFO 38839 --- [newsWebsite] [main] com.zaxxer.hikari.HikariDataSource       : HikariPool-1 - Starting...
2024-12-23T15:15:22.943+03:30  INFO 38908 --- [newsWebsite] [main] o.s.b.w.embedded.tomcat.TomcatWebServer  : Tomcat initialized with port 8080 (http)
2024-12-23T15:15:22.951+03:30  INFO 38908 --- [newsWebsite] [main] o.apache.catalina.core.StandardService   : Starting service [Tomcat]
2024-12-23T15:15:22.951+03:30  INFO 38908 --- [newsWebsite] [main] o.apache.catalina.core.StandardEngine    : Starting Servlet engine: [Apache Tomcat/10.1.33]
2024-12-23T15:15:22.971+03:30  INFO 38908 --- [newsWebsite] [main] o.a.c.c.C.[Tomcat].[localhost].[/]       : Initializing Spring embedded WebApplicationContext
2024-12-23T15:15:22.971+03:30  INFO 38908 --- [newsWebsite] [main] w.s.c.ServletWebServerApplicationContext : Root WebApplicationContext: initialization completed in 684 ms
2024-12-23T15:15:23.049+03:30  INFO 38908 --- [newsWebsite] [main] o.hibernate.jpa.internal.util.LogHelper  : HHH000204: Processing PersistenceUnitInfo [name: default]
2024-12-23T15:15:23.077+03:30  INFO 38908 --- [newsWebsite] [main] org.hibernate.Version                    : HHH000412: Hibernate ORM core version 6.6.2.Final
2024-12-23T15:15:23.094+03:30  INFO 38908 --- [newsWebsite] [main] o.h.c.internal.RegionFactoryInitiator    : HHH000026: Second-level cache disabled
2024-12-23T15:15:23.121+03:30  INFO 38839 --- [newsWebsite] [main] com.zaxxer.hikari.pool.HikariPool        : HikariPool-1 - Added connection org.postgresql.jdbc.PgConnection@485c84d7
2024-12-23T15:15:23.122+03:30  INFO 38839 --- [newsWebsite] [main] com.zaxxer.hikari.HikariDataSource       : HikariPool-1 - Start completed.
2024-12-23T15:15:23.156+03:30  WARN 38839 --- [newsWebsite] [main] org.hibernate.orm.deprecation            : HHH90000025: PostgreSQLDialect does not need to be specified explicitly using 'hibernate.dialect' (remove the property setting and it will be selected by default)
2024-12-23T15:15:23.169+03:30  INFO 38839 --- [newsWebsite] [main] org.hibernate.orm.connections.pooling    : HHH10001005: Database info:
	Database JDBC URL [Connecting through datasource 'HikariDataSource (HikariPool-1)']
	Database driver: undefined/unknown
	Database version: 14.15
	Autocommit mode: undefined/unknown
	Isolation level: undefined/unknown
	Minimum pool size: undefined/unknown
	Maximum pool size: undefined/unknown
2024-12-23T15:15:23.261+03:30  INFO 38908 --- [newsWebsite] [main] o.s.o.j.p.SpringPersistenceUnitInfo      : No LoadTimeWeaver setup: ignoring JPA class transformer
2024-12-23T15:15:23.277+03:30  INFO 38908 --- [newsWebsite] [main] com.zaxxer.hikari.HikariDataSource       : HikariPool-1 - Starting...
2024-12-23T15:15:23.449+03:30  INFO 38908 --- [newsWebsite] [main] com.zaxxer.hikari.pool.HikariPool        : HikariPool-1 - Added connection org.postgresql.jdbc.PgConnection@1ddf42dd
2024-12-23T15:15:23.450+03:30  INFO 38908 --- [newsWebsite] [main] com.zaxxer.hikari.HikariDataSource       : HikariPool-1 - Start completed.
2024-12-23T15:15:23.468+03:30  WARN 38908 --- [newsWebsite] [main] org.hibernate.orm.deprecation            : HHH90000025: PostgreSQLDialect does not need to be specified explicitly using 'hibernate.dialect' (remove the property setting and it will be selected by default)
2024-12-23T15:15:23.479+03:30  INFO 38908 --- [newsWebsite] [main] org.hibernate.orm.connections.pooling    : HHH10001005: Database info:
	Database JDBC URL [Connecting through datasource 'HikariDataSource (HikariPool-1)']
	Database driver: undefined/unknown
	Database version: 14.15
	Autocommit mode: undefined/unknown
	Isolation level: undefined/unknown
	Minimum pool size: undefined/unknown
	Maximum pool size: undefined/unknown
2024-12-23T15:15:23.778+03:30  INFO 38839 --- [newsWebsite] [main] o.h.e.t.j.p.i.JtaPlatformInitiator       : HHH000489: No JTA platform available (set 'hibernate.transaction.jta.platform' to enable JTA platform integration)
2024-12-23T15:15:23.872+03:30  INFO 38839 --- [newsWebsite] [main] j.LocalContainerEntityManagerFactoryBean : Initialized JPA EntityManagerFactory for persistence unit 'default'
2024-12-23T15:15:23.945+03:30  INFO 38908 --- [newsWebsite] [main] o.h.e.t.j.p.i.JtaPlatformInitiator       : HHH000489: No JTA platform available (set 'hibernate.transaction.jta.platform' to enable JTA platform integration)
2024-12-23T15:15:24.023+03:30  INFO 38908 --- [newsWebsite] [main] j.LocalContainerEntityManagerFactoryBean : Initialized JPA EntityManagerFactory for persistence unit 'default'
2024-12-23T15:15:24.107+03:30  WARN 38839 --- [newsWebsite] [main] JpaBaseConfiguration$JpaWebConfiguration : spring.jpa.open-in-view is enabled by default. Therefore, database queries may be performed during view rendering. Explicitly configure spring.jpa.open-in-view to disable this warning
2024-12-23T15:15:24.233+03:30  WARN 38908 --- [newsWebsite] [main] JpaBaseConfiguration$JpaWebConfiguration : spring.jpa.open-in-view is enabled by default. Therefore, database queries may be performed during view rendering. Explicitly configure spring.jpa.open-in-view to disable this warning
2024-12-23T15:15:24.445+03:30  INFO 38839 --- [newsWebsite] [main] o.s.b.w.embedded.tomcat.TomcatWebServer  : Tomcat started on port 8080 (http) with context path '/'
2024-12-23T15:15:24.451+03:30  INFO 38839 --- [newsWebsite] [main] o.e.newsWebsite.NewsWebSiteApplication   : Started NewsWebSiteApplication in 3.398 seconds (process running for 3.942)
2024-12-23T15:15:24.514+03:30  WARN 38908 --- [newsWebsite] [main] ConfigServletWebServerApplicationContext : Exception encountered during context initialization - cancelling refresh attempt: org.springframework.context.ApplicationContextException: Failed to start bean 'webServerStartStop'
2024-12-23T15:15:24.515+03:30  INFO 38908 --- [newsWebsite] [main] j.LocalContainerEntityManagerFactoryBean : Closing JPA EntityManagerFactory for persistence unit 'default'
2024-12-23T15:15:24.516+03:30  INFO 38908 --- [newsWebsite] [main] com.zaxxer.hikari.HikariDataSource       : HikariPool-1 - Shutdown initiated...
2024-12-23T15:15:24.520+03:30  INFO 38908 --- [newsWebsite] [main] com.zaxxer.hikari.HikariDataSource       : HikariPool-1 - Shutdown completed.
2024-12-23T15:15:24.527+03:30  INFO 38908 --- [newsWebsite] [main] .s.b.a.l.ConditionEvaluationReportLogger : 

Error starting ApplicationContext. To display the condition evaluation report re-run your application with 'debug' enabled.
2024-12-23T15:15:24.535+03:30 ERROR 38908 --- [newsWebsite] [main] o.s.b.d.LoggingFailureAnalysisReporter   : 

***************************
APPLICATION FAILED TO START
***************************

Description:

Web server failed to start. Port 8080 was already in use.

Action:

Identify and stop the process that's listening on port 8080 or configure this application to listen on another port.

2024-12-23T15:15:57.918+03:30  INFO 38839 --- [newsWebsite] [SpringApplicationShutdownHook] o.s.b.w.e.tomcat.GracefulShutdown        : Commencing graceful shutdown. Waiting for active requests to complete
2024-12-23T15:15:57.920+03:30  INFO 38839 --- [newsWebsite] [tomcat-shutdown] o.s.b.w.e.tomcat.GracefulShutdown        : Graceful shutdown complete
2024-12-23T15:15:57.922+03:30  INFO 38839 --- [newsWebsite] [SpringApplicationShutdownHook] j.LocalContainerEntityManagerFactoryBean : Closing JPA EntityManagerFactory for persistence unit 'default'
2024-12-23T15:15:57.924+03:30  INFO 38839 --- [newsWebsite] [SpringApplicationShutdownHook] com.zaxxer.hikari.HikariDataSource       : HikariPool-1 - Shutdown initiated...
2024-12-23T15:15:57.928+03:30  INFO 38839 --- [newsWebsite] [SpringApplicationShutdownHook] com.zaxxer.hikari.HikariDataSource       : HikariPool-1 - Shutdown completed.
