2024-12-23T13:16:41.117+03:30  INFO 21929 --- [newsWebsite] [main] o.e.newsWebsite.NewsWebSiteApplication   : Starting NewsWebSiteApplication using Java 21.0.5 with PID 21929 (/home/alireza/Projects/NewsSite/NewsSite_Backend/target/classes started by alireza in /home/alireza/Projects/NewsSite/NewsSite_Backend)
2024-12-23T13:16:41.118+03:30  INFO 21929 --- [newsWebsite] [main] o.e.newsWebsite.NewsWebSiteApplication   : No active profile set, falling back to 1 default profile: "default"
2024-12-23T13:16:41.476+03:30  INFO 21929 --- [newsWebsite] [main] .s.d.r.c.RepositoryConfigurationDelegate : Multiple Spring Data modules found, entering strict repository configuration mode
2024-12-23T13:16:41.477+03:30  INFO 21929 --- [newsWebsite] [main] .s.d.r.c.RepositoryConfigurationDelegate : Bootstrapping Spring Data JDBC repositories in DEFAULT mode.
2024-12-23T13:16:41.493+03:30  INFO 21929 --- [newsWebsite] [main] .RepositoryConfigurationExtensionSupport : Spring Data JDBC - Could not safely identify store assignment for repository candidate interface org.example.newsWebsite.repository.NewsRepository; If you want this repository to be a JDBC repository, consider annotating your entities with one of these annotations: org.springframework.data.relational.core.mapping.Table.
2024-12-23T13:16:41.493+03:30  INFO 21929 --- [newsWebsite] [main] .RepositoryConfigurationExtensionSupport : Spring Data JDBC - Could not safely identify store assignment for repository candidate interface org.example.newsWebsite.repository.UserRepository; If you want this repository to be a JDBC repository, consider annotating your entities with one of these annotations: org.springframework.data.relational.core.mapping.Table.
2024-12-23T13:16:41.494+03:30  INFO 21929 --- [newsWebsite] [main] .RepositoryConfigurationExtensionSupport : Spring Data JDBC - Could not safely identify store assignment for repository candidate interface org.example.newsWebsite.repository.ViewRepository; If you want this repository to be a JDBC repository, consider annotating your entities with one of these annotations: org.springframework.data.relational.core.mapping.Table.
2024-12-23T13:16:41.494+03:30  INFO 21929 --- [newsWebsite] [main] .s.d.r.c.RepositoryConfigurationDelegate : Finished Spring Data repository scanning in 14 ms. Found 0 JDBC repository interfaces.
2024-12-23T13:16:41.499+03:30  INFO 21929 --- [newsWebsite] [main] .s.d.r.c.RepositoryConfigurationDelegate : Multiple Spring Data modules found, entering strict repository configuration mode
2024-12-23T13:16:41.500+03:30  INFO 21929 --- [newsWebsite] [main] .s.d.r.c.RepositoryConfigurationDelegate : Bootstrapping Spring Data JPA repositories in DEFAULT mode.
2024-12-23T13:16:41.515+03:30  INFO 21929 --- [newsWebsite] [main] .s.d.r.c.RepositoryConfigurationDelegate : Finished Spring Data repository scanning in 13 ms. Found 3 JPA repository interfaces.
2024-12-23T13:16:41.735+03:30  INFO 21929 --- [newsWebsite] [main] o.s.b.w.embedded.tomcat.TomcatWebServer  : Tomcat initialized with port 8080 (http)
2024-12-23T13:16:41.742+03:30  INFO 21929 --- [newsWebsite] [main] o.apache.catalina.core.StandardService   : Starting service [Tomcat]
2024-12-23T13:16:41.742+03:30  INFO 21929 --- [newsWebsite] [main] o.apache.catalina.core.StandardEngine    : Starting Servlet engine: [Apache Tomcat/10.1.33]
2024-12-23T13:16:41.761+03:30  INFO 21929 --- [newsWebsite] [main] o.a.c.c.C.[Tomcat].[localhost].[/]       : Initializing Spring embedded WebApplicationContext
2024-12-23T13:16:41.761+03:30  INFO 21929 --- [newsWebsite] [main] w.s.c.ServletWebServerApplicationContext : Root WebApplicationContext: initialization completed in 620 ms
2024-12-23T13:16:41.988+03:30  INFO 21929 --- [newsWebsite] [main] o.s.o.j.p.SpringPersistenceUnitInfo      : No LoadTimeWeaver setup: ignoring JPA class transformer
2024-12-23T13:16:42.001+03:30  INFO 21929 --- [newsWebsite] [main] com.zaxxer.hikari.HikariDataSource       : HikariPool-1 - Starting...
2024-12-23T13:16:42.148+03:30  INFO 21929 --- [newsWebsite] [main] com.zaxxer.hikari.pool.HikariPool        : HikariPool-1 - Added connection org.postgresql.jdbc.PgConnection@68a5aadd
2024-12-23T13:16:42.149+03:30  INFO 21929 --- [newsWebsite] [main] com.zaxxer.hikari.HikariDataSource       : HikariPool-1 - Start completed.
2024-12-23T13:16:42.699+03:30  INFO 21929 --- [newsWebsite] [main] j.LocalContainerEntityManagerFactoryBean : Initialized JPA EntityManagerFactory for persistence unit 'default'
2024-12-23T13:16:42.879+03:30  WARN 21929 --- [newsWebsite] [main] JpaBaseConfiguration$JpaWebConfiguration : spring.jpa.open-in-view is enabled by default. Therefore, database queries may be performed during view rendering. Explicitly configure spring.jpa.open-in-view to disable this warning
2024-12-23T13:16:43.111+03:30  INFO 21929 --- [newsWebsite] [main] o.s.b.w.embedded.tomcat.TomcatWebServer  : Tomcat started on port 8080 (http) with context path '/'
2024-12-23T13:16:43.116+03:30  INFO 21929 --- [newsWebsite] [main] o.e.newsWebsite.NewsWebSiteApplication   : Started NewsWebSiteApplication in 2.296 seconds (process running for 2.619)
2024-12-23T13:16:44.586+03:30  INFO 21929 --- [newsWebsite] [http-nio-8080-exec-1] o.a.c.c.C.[Tomcat].[localhost].[/]       : Initializing Spring DispatcherServlet 'dispatcherServlet'
2024-12-23T13:16:44.603+03:30  INFO 21929 --- [newsWebsite] [http-nio-8080-exec-1] o.e.n.controller.UserController          : Request to get all users.
2024-12-23T13:17:39.924+03:30  INFO 21929 --- [newsWebsite] [SpringApplicationShutdownHook] o.s.b.w.e.tomcat.GracefulShutdown        : Commencing graceful shutdown. Waiting for active requests to complete
2024-12-23T13:17:39.926+03:30  INFO 21929 --- [newsWebsite] [tomcat-shutdown] o.s.b.w.e.tomcat.GracefulShutdown        : Graceful shutdown complete
2024-12-23T13:17:39.929+03:30  INFO 21929 --- [newsWebsite] [SpringApplicationShutdownHook] j.LocalContainerEntityManagerFactoryBean : Closing JPA EntityManagerFactory for persistence unit 'default'
2024-12-23T13:17:39.930+03:30  INFO 21929 --- [newsWebsite] [SpringApplicationShutdownHook] com.zaxxer.hikari.HikariDataSource       : HikariPool-1 - Shutdown initiated...
2024-12-23T13:17:39.934+03:30  INFO 21929 --- [newsWebsite] [SpringApplicationShutdownHook] com.zaxxer.hikari.HikariDataSource       : HikariPool-1 - Shutdown completed.
