2024-12-23T13:10:08.841+03:30  INFO 19674 --- [newsWebsite] [main] o.e.newsWebsite.NewsWebSiteApplication   : Starting NewsWebSiteApplication using Java 21.0.5 with PID 19674 (/home/alireza/Projects/NewsSite/NewsSite_Backend/target/classes started by alireza in /home/alireza/Projects/NewsSite/NewsSite_Backend)
2024-12-23T13:10:08.843+03:30  INFO 19674 --- [newsWebsite] [main] o.e.newsWebsite.NewsWebSiteApplication   : No active profile set, falling back to 1 default profile: "default"
2024-12-23T13:10:09.185+03:30  INFO 19674 --- [newsWebsite] [main] .s.d.r.c.RepositoryConfigurationDelegate : Multiple Spring Data modules found, entering strict repository configuration mode
2024-12-23T13:10:09.185+03:30  INFO 19674 --- [newsWebsite] [main] .s.d.r.c.RepositoryConfigurationDelegate : Bootstrapping Spring Data JDBC repositories in DEFAULT mode.
2024-12-23T13:10:09.201+03:30  INFO 19674 --- [newsWebsite] [main] .RepositoryConfigurationExtensionSupport : Spring Data JDBC - Could not safely identify store assignment for repository candidate interface org.example.newsWebsite.repository.NewsRepository; If you want this repository to be a JDBC repository, consider annotating your entities with one of these annotations: org.springframework.data.relational.core.mapping.Table.
2024-12-23T13:10:09.201+03:30  INFO 19674 --- [newsWebsite] [main] .RepositoryConfigurationExtensionSupport : Spring Data JDBC - Could not safely identify store assignment for repository candidate interface org.example.newsWebsite.repository.UserRepository; If you want this repository to be a JDBC repository, consider annotating your entities with one of these annotations: org.springframework.data.relational.core.mapping.Table.
2024-12-23T13:10:09.202+03:30  INFO 19674 --- [newsWebsite] [main] .RepositoryConfigurationExtensionSupport : Spring Data JDBC - Could not safely identify store assignment for repository candidate interface org.example.newsWebsite.repository.ViewRepository; If you want this repository to be a JDBC repository, consider annotating your entities with one of these annotations: org.springframework.data.relational.core.mapping.Table.
2024-12-23T13:10:09.202+03:30  INFO 19674 --- [newsWebsite] [main] .s.d.r.c.RepositoryConfigurationDelegate : Finished Spring Data repository scanning in 14 ms. Found 0 JDBC repository interfaces.
2024-12-23T13:10:09.207+03:30  INFO 19674 --- [newsWebsite] [main] .s.d.r.c.RepositoryConfigurationDelegate : Multiple Spring Data modules found, entering strict repository configuration mode
2024-12-23T13:10:09.208+03:30  INFO 19674 --- [newsWebsite] [main] .s.d.r.c.RepositoryConfigurationDelegate : Bootstrapping Spring Data JPA repositories in DEFAULT mode.
2024-12-23T13:10:09.223+03:30  INFO 19674 --- [newsWebsite] [main] .s.d.r.c.RepositoryConfigurationDelegate : Finished Spring Data repository scanning in 13 ms. Found 3 JPA repository interfaces.
2024-12-23T13:10:09.426+03:30  INFO 19674 --- [newsWebsite] [main] o.s.b.w.embedded.tomcat.TomcatWebServer  : Tomcat initialized with port 8080 (http)
2024-12-23T13:10:09.432+03:30  INFO 19674 --- [newsWebsite] [main] o.apache.catalina.core.StandardService   : Starting service [Tomcat]
2024-12-23T13:10:09.432+03:30  INFO 19674 --- [newsWebsite] [main] o.apache.catalina.core.StandardEngine    : Starting Servlet engine: [Apache Tomcat/10.1.33]
2024-12-23T13:10:09.451+03:30  INFO 19674 --- [newsWebsite] [main] o.a.c.c.C.[Tomcat].[localhost].[/]       : Initializing Spring embedded WebApplicationContext
2024-12-23T13:10:09.451+03:30  INFO 19674 --- [newsWebsite] [main] w.s.c.ServletWebServerApplicationContext : Root WebApplicationContext: initialization completed in 569 ms
2024-12-23T13:10:09.678+03:30  INFO 19674 --- [newsWebsite] [main] o.s.o.j.p.SpringPersistenceUnitInfo      : No LoadTimeWeaver setup: ignoring JPA class transformer
2024-12-23T13:10:09.691+03:30  INFO 19674 --- [newsWebsite] [main] com.zaxxer.hikari.HikariDataSource       : HikariPool-1 - Starting...
2024-12-23T13:10:09.833+03:30  INFO 19674 --- [newsWebsite] [main] com.zaxxer.hikari.pool.HikariPool        : HikariPool-1 - Added connection org.postgresql.jdbc.PgConnection@6851b296
2024-12-23T13:10:09.834+03:30  INFO 19674 --- [newsWebsite] [main] com.zaxxer.hikari.HikariDataSource       : HikariPool-1 - Start completed.
2024-12-23T13:10:10.338+03:30  INFO 19674 --- [newsWebsite] [main] j.LocalContainerEntityManagerFactoryBean : Initialized JPA EntityManagerFactory for persistence unit 'default'
2024-12-23T13:10:10.528+03:30  WARN 19674 --- [newsWebsite] [main] JpaBaseConfiguration$JpaWebConfiguration : spring.jpa.open-in-view is enabled by default. Therefore, database queries may be performed during view rendering. Explicitly configure spring.jpa.open-in-view to disable this warning
2024-12-23T13:10:10.781+03:30  INFO 19674 --- [newsWebsite] [main] o.s.b.w.embedded.tomcat.TomcatWebServer  : Tomcat started on port 8080 (http) with context path '/'
2024-12-23T13:10:10.785+03:30  INFO 19674 --- [newsWebsite] [main] o.e.newsWebsite.NewsWebSiteApplication   : Started NewsWebSiteApplication in 2.262 seconds (process running for 2.704)
2024-12-23T13:10:14.557+03:30  INFO 19674 --- [newsWebsite] [http-nio-8080-exec-2] o.a.c.c.C.[Tomcat].[localhost].[/]       : Initializing Spring DispatcherServlet 'dispatcherServlet'
2024-12-23T13:10:14.577+03:30  INFO 19674 --- [newsWebsite] [http-nio-8080-exec-2] o.e.n.controller.UserController          : Request to get all users.
2024-12-23T13:11:01.776+03:30  INFO 19674 --- [newsWebsite] [SpringApplicationShutdownHook] o.s.b.w.e.tomcat.GracefulShutdown        : Commencing graceful shutdown. Waiting for active requests to complete
2024-12-23T13:11:01.778+03:30  INFO 19674 --- [newsWebsite] [tomcat-shutdown] o.s.b.w.e.tomcat.GracefulShutdown        : Graceful shutdown complete
2024-12-23T13:11:01.780+03:30  INFO 19674 --- [newsWebsite] [SpringApplicationShutdownHook] j.LocalContainerEntityManagerFactoryBean : Closing JPA EntityManagerFactory for persistence unit 'default'
2024-12-23T13:11:01.781+03:30  INFO 19674 --- [newsWebsite] [SpringApplicationShutdownHook] com.zaxxer.hikari.HikariDataSource       : HikariPool-1 - Shutdown initiated...
2024-12-23T13:11:01.785+03:30  INFO 19674 --- [newsWebsite] [SpringApplicationShutdownHook] com.zaxxer.hikari.HikariDataSource       : HikariPool-1 - Shutdown completed.
2024-12-23T13:11:03.106+03:30  INFO 19821 --- [newsWebsite] [main] o.e.newsWebsite.NewsWebSiteApplication   : Starting NewsWebSiteApplication using Java 21.0.5 with PID 19821 (/home/alireza/Projects/NewsSite/NewsSite_Backend/target/classes started by alireza in /home/alireza/Projects/NewsSite/NewsSite_Backend)
2024-12-23T13:11:03.108+03:30  INFO 19821 --- [newsWebsite] [main] o.e.newsWebsite.NewsWebSiteApplication   : No active profile set, falling back to 1 default profile: "default"
2024-12-23T13:11:03.412+03:30  INFO 19821 --- [newsWebsite] [main] .s.d.r.c.RepositoryConfigurationDelegate : Multiple Spring Data modules found, entering strict repository configuration mode
2024-12-23T13:11:03.413+03:30  INFO 19821 --- [newsWebsite] [main] .s.d.r.c.RepositoryConfigurationDelegate : Bootstrapping Spring Data JDBC repositories in DEFAULT mode.
2024-12-23T13:11:03.428+03:30  INFO 19821 --- [newsWebsite] [main] .RepositoryConfigurationExtensionSupport : Spring Data JDBC - Could not safely identify store assignment for repository candidate interface org.example.newsWebsite.repository.NewsRepository; If you want this repository to be a JDBC repository, consider annotating your entities with one of these annotations: org.springframework.data.relational.core.mapping.Table.
2024-12-23T13:11:03.429+03:30  INFO 19821 --- [newsWebsite] [main] .RepositoryConfigurationExtensionSupport : Spring Data JDBC - Could not safely identify store assignment for repository candidate interface org.example.newsWebsite.repository.UserRepository; If you want this repository to be a JDBC repository, consider annotating your entities with one of these annotations: org.springframework.data.relational.core.mapping.Table.
2024-12-23T13:11:03.429+03:30  INFO 19821 --- [newsWebsite] [main] .RepositoryConfigurationExtensionSupport : Spring Data JDBC - Could not safely identify store assignment for repository candidate interface org.example.newsWebsite.repository.ViewRepository; If you want this repository to be a JDBC repository, consider annotating your entities with one of these annotations: org.springframework.data.relational.core.mapping.Table.
2024-12-23T13:11:03.430+03:30  INFO 19821 --- [newsWebsite] [main] .s.d.r.c.RepositoryConfigurationDelegate : Finished Spring Data repository scanning in 14 ms. Found 0 JDBC repository interfaces.
2024-12-23T13:11:03.435+03:30  INFO 19821 --- [newsWebsite] [main] .s.d.r.c.RepositoryConfigurationDelegate : Multiple Spring Data modules found, entering strict repository configuration mode
2024-12-23T13:11:03.436+03:30  INFO 19821 --- [newsWebsite] [main] .s.d.r.c.RepositoryConfigurationDelegate : Bootstrapping Spring Data JPA repositories in DEFAULT mode.
2024-12-23T13:11:03.450+03:30  INFO 19821 --- [newsWebsite] [main] .s.d.r.c.RepositoryConfigurationDelegate : Finished Spring Data repository scanning in 12 ms. Found 3 JPA repository interfaces.
2024-12-23T13:11:03.712+03:30  INFO 19821 --- [newsWebsite] [main] o.s.b.w.embedded.tomcat.TomcatWebServer  : Tomcat initialized with port 8080 (http)
2024-12-23T13:11:03.720+03:30  INFO 19821 --- [newsWebsite] [main] o.apache.catalina.core.StandardService   : Starting service [Tomcat]
2024-12-23T13:11:03.721+03:30  INFO 19821 --- [newsWebsite] [main] o.apache.catalina.core.StandardEngine    : Starting Servlet engine: [Apache Tomcat/10.1.33]
2024-12-23T13:11:03.744+03:30  INFO 19821 --- [newsWebsite] [main] o.a.c.c.C.[Tomcat].[localhost].[/]       : Initializing Spring embedded WebApplicationContext
2024-12-23T13:11:03.745+03:30  INFO 19821 --- [newsWebsite] [main] w.s.c.ServletWebServerApplicationContext : Root WebApplicationContext: initialization completed in 614 ms
2024-12-23T13:11:04.009+03:30  INFO 19821 --- [newsWebsite] [main] o.s.o.j.p.SpringPersistenceUnitInfo      : No LoadTimeWeaver setup: ignoring JPA class transformer
2024-12-23T13:11:04.022+03:30  INFO 19821 --- [newsWebsite] [main] com.zaxxer.hikari.HikariDataSource       : HikariPool-1 - Starting...
2024-12-23T13:11:04.165+03:30  INFO 19821 --- [newsWebsite] [main] com.zaxxer.hikari.pool.HikariPool        : HikariPool-1 - Added connection org.postgresql.jdbc.PgConnection@18db3b3c
2024-12-23T13:11:04.166+03:30  INFO 19821 --- [newsWebsite] [main] com.zaxxer.hikari.HikariDataSource       : HikariPool-1 - Start completed.
2024-12-23T13:11:04.656+03:30  INFO 19821 --- [newsWebsite] [main] j.LocalContainerEntityManagerFactoryBean : Initialized JPA EntityManagerFactory for persistence unit 'default'
2024-12-23T13:11:04.851+03:30  WARN 19821 --- [newsWebsite] [main] JpaBaseConfiguration$JpaWebConfiguration : spring.jpa.open-in-view is enabled by default. Therefore, database queries may be performed during view rendering. Explicitly configure spring.jpa.open-in-view to disable this warning
2024-12-23T13:11:05.109+03:30  INFO 19821 --- [newsWebsite] [main] o.s.b.w.embedded.tomcat.TomcatWebServer  : Tomcat started on port 8080 (http) with context path '/'
2024-12-23T13:11:05.115+03:30  INFO 19821 --- [newsWebsite] [main] o.e.newsWebsite.NewsWebSiteApplication   : Started NewsWebSiteApplication in 2.256 seconds (process running for 2.701)
2024-12-23T13:11:08.040+03:30  INFO 19821 --- [newsWebsite] [http-nio-8080-exec-1] o.a.c.c.C.[Tomcat].[localhost].[/]       : Initializing Spring DispatcherServlet 'dispatcherServlet'
2024-12-23T13:11:08.057+03:30  INFO 19821 --- [newsWebsite] [http-nio-8080-exec-1] o.e.n.controller.UserController          : Request to get all users.
2024-12-23T13:12:16.615+03:30  INFO 19821 --- [newsWebsite] [SpringApplicationShutdownHook] o.s.b.w.e.tomcat.GracefulShutdown        : Commencing graceful shutdown. Waiting for active requests to complete
2024-12-23T13:12:16.617+03:30  INFO 19821 --- [newsWebsite] [tomcat-shutdown] o.s.b.w.e.tomcat.GracefulShutdown        : Graceful shutdown complete
2024-12-23T13:12:16.620+03:30  INFO 19821 --- [newsWebsite] [SpringApplicationShutdownHook] j.LocalContainerEntityManagerFactoryBean : Closing JPA EntityManagerFactory for persistence unit 'default'
2024-12-23T13:12:16.621+03:30  INFO 19821 --- [newsWebsite] [SpringApplicationShutdownHook] com.zaxxer.hikari.HikariDataSource       : HikariPool-1 - Shutdown initiated...
2024-12-23T13:12:16.626+03:30  INFO 19821 --- [newsWebsite] [SpringApplicationShutdownHook] com.zaxxer.hikari.HikariDataSource       : HikariPool-1 - Shutdown completed.
